<?xml version="1.0" encoding="UTF-8"?>
<!-- Generated by org.testng.reporters.JUnitXMLReporter -->
<testsuite ignored="2" hostname="Raj" failures="2" tests="21" name="Test" time="50.46" errors="0" timestamp="2024-03-04T12:15:55 CST">
  <testcase classname="TestNgPractice.Yahoo4SoftAssert" name="LaunchYahoo" time="5.754"/>
  <testcase classname="TestNgPractice.Yahoo4SoftAssert" name="LoginYahoo" time="0.018"/>
  <testcase classname="TestNgPractice.Yahoo4SoftAssert" name="CloseYahoo" time="0.193"/>
  <testcase classname="TestNgPractice.Yahoo1" name="launchYahoo" time="0.002"/>
  <testcase classname="TestNgPractice.Yahoo1" name="loginYahoo" time="0.001"/>
  <testcase classname="TestNgPractice.Yahoo1" name="closeYahoo" time="0.003"/>
  <testcase classname="TestNgPractice.Yahoo3HardAssert" name="launchYahoo" time="22.666"/>
  <testcase classname="TestNgPractice.Yahoo3HardAssert" name="loginYahoo" time="0.0"/>
  <testcase classname="TestNgPractice.Yahoo3HardAssert" name="closeYahoo" time="0.157"/>
  <testcase classname="TestNgPractice.Yahoo5SoftAssert2" name="LaunchYahoo" time="6.149"/>
  <testcase classname="TestNgPractice.Yahoo5SoftAssert2" name="LoginYahoo" time="0.007"/>
  <testcase classname="TestNgPractice.Yahoo5SoftAssert2" name="LoginYahoo1" time="0.008">
    <failure type="java.lang.AssertionError" message="The following asserts failed:
	expected [Yahoo1] but found [Yahoo]">
      <![CDATA[java.lang.AssertionError: The following asserts failed:
expected [Yahoo1] but found [Yahoo]
at TestNgPractice.Yahoo5SoftAssert2.LoginYahoo1(Yahoo5SoftAssert2.java:41)
at java.base/java.util.ArrayList.forEach(ArrayList.java:1511)
... Removed 29 stack frames]]>
    </failure>
  </testcase> <!-- LoginYahoo1 -->
  <testcase classname="TestNgPractice.Yahoo5SoftAssert2" name="CloseYahoo" time="0.111"/>
  <testcase classname="TestNgPractice.Yahoo2HardAssert" name="launchYahoo" time="2.913"/>
  <testcase classname="TestNgPractice.Yahoo2HardAssert" name="loginYahoo" time="0.007">
    <failure type="java.lang.AssertionError" message="expected [Yahoo1] but found [Yahoo]">
      <![CDATA[java.lang.AssertionError: expected [Yahoo1] but found [Yahoo]
at TestNgPractice.Yahoo2HardAssert.loginYahoo(Yahoo2HardAssert.java:29)
at java.base/java.util.ArrayList.forEach(ArrayList.java:1511)
... Removed 33 stack frames]]>
    </failure>
  </testcase> <!-- loginYahoo -->
  <testcase classname="TestNgPractice.Yahoo2HardAssert" name="closeYahoo" time="0.159"/>
  <testcase classname="throughTextFile.EaxmpleRead" name="readFile" time="0.0"/>
  <testcase classname="throughTextFile.ExampleWrite" name="writeintoTextFile" time="0.0"/>
  <testcase classname="throughwebtable.webtablerow" name="readWebTableRow" time="4.388"/>
  <testcase classname="throughwebtable.webtablecolumn" name="readWebTableColumn" time="3.651"/>
  <testcase classname="throughwebtable.WebtableToTextFile" name="readTableToTextFile" time="4.215"/>
  <testcase classname="TestNgPractice.Yahoo3HardAssert" name="loginYahoo1" time="0.0">
    <ignored/>
  </testcase> <!-- loginYahoo1 -->
  <testcase classname="TestNgPractice.Yahoo5SoftAssert2" name="LoginYahoo2" time="0.0">
    <ignored/>
  </testcase> <!-- LoginYahoo2 -->
</testsuite> <!-- Test -->
